<?xml version="1.0" encoding="UTF-8"?>
<testng-results skipped="0" failed="0" ignored="0" total="1" passed="1">
  <reporter-output>
  </reporter-output>
  <suite name="Default suite" duration-ms="59" started-at="2020-04-25T11:33:28Z" finished-at="2020-04-25T11:33:28Z">
    <groups>
    </groups>
    <test name="Default test" duration-ms="59" started-at="2020-04-25T11:33:28Z" finished-at="2020-04-25T11:33:28Z">
      <class name="org.openqa.selenium.chrome.loginTest">
        <test-method status="PASS" signature="beforeSuite()[pri:0, instance:org.openqa.selenium.chrome.loginTest@343f4d3d]" name="beforeSuite" is-config="true" duration-ms="30" started-at="2020-04-25T11:33:28Z" finished-at="2020-04-25T11:33:28Z">
          <reporter-output>
          </reporter-output>
        </test-method> <!-- beforeSuite -->
        <test-method status="PASS" signature="f()[pri:0, instance:org.openqa.selenium.chrome.loginTest@343f4d3d]" name="f" duration-ms="12" started-at="2020-04-25T11:33:28Z" finished-at="2020-04-25T11:33:28Z">
          <reporter-output>
          </reporter-output>
        </test-method> <!-- f -->
        <test-method status="PASS" signature="afterSuite()[pri:0, instance:org.openqa.selenium.chrome.loginTest@343f4d3d]" name="afterSuite" is-config="true" duration-ms="2" started-at="2020-04-25T11:33:29Z" finished-at="2020-04-25T11:33:29Z">
          <reporter-output>
          </reporter-output>
        </test-method> <!-- afterSuite -->
      </class> <!-- org.openqa.selenium.chrome.loginTest -->
    </test> <!-- Default test -->
  </suite> <!-- Default suite -->
</testng-results>
